2025-05-04T14:28:03.101+05:30  INFO 7372 --- [BakeryWebsite] [main] c.b.B.BakeryWebsiteApplication           : Starting BakeryWebsiteApplication using Java 22.0.2 with PID 7372 (C:\Users\User\Desktop\BakeryWebsite\target\classes started by User in C:\Users\User\Desktop\BakeryWebsite)
2025-05-04T14:28:03.104+05:30 DEBUG 7372 --- [BakeryWebsite] [main] c.b.B.BakeryWebsiteApplication           : Running with Spring Boot v3.4.5, Spring v6.2.6
2025-05-04T14:28:03.105+05:30  INFO 7372 --- [BakeryWebsite] [main] c.b.B.BakeryWebsiteApplication           : No active profile set, falling back to 1 default profile: "default"
2025-05-04T14:28:04.038+05:30  INFO 7372 --- [BakeryWebsite] [main] o.s.b.w.embedded.tomcat.TomcatWebServer  : Tomcat initialized with port 8080 (http)
2025-05-04T14:28:04.057+05:30  INFO 7372 --- [BakeryWebsite] [main] o.apache.catalina.core.StandardService   : Starting service [Tomcat]
2025-05-04T14:28:04.058+05:30  INFO 7372 --- [BakeryWebsite] [main] o.apache.catalina.core.StandardEngine    : Starting Servlet engine: [Apache Tomcat/10.1.40]
2025-05-04T14:28:04.106+05:30  INFO 7372 --- [BakeryWebsite] [main] o.a.c.c.C.[Tomcat].[localhost].[/api]    : Initializing Spring embedded WebApplicationContext
2025-05-04T14:28:04.107+05:30  INFO 7372 --- [BakeryWebsite] [main] w.s.c.ServletWebServerApplicationContext : Root WebApplicationContext: initialization completed in 936 ms
2025-05-04T14:28:04.504+05:30  INFO 7372 --- [BakeryWebsite] [main] o.s.b.w.embedded.tomcat.TomcatWebServer  : Tomcat started on port 8080 (http) with context path '/api'
2025-05-04T14:28:04.512+05:30  INFO 7372 --- [BakeryWebsite] [main] c.b.B.BakeryWebsiteApplication           : Started BakeryWebsiteApplication in 2.008 seconds (process running for 2.75)
2025-05-04T14:28:25.338+05:30  INFO 7372 --- [BakeryWebsite] [http-nio-8080-exec-1] o.a.c.c.C.[Tomcat].[localhost].[/api]    : Initializing Spring DispatcherServlet 'dispatcherServlet'
2025-05-04T14:28:25.339+05:30  INFO 7372 --- [BakeryWebsite] [http-nio-8080-exec-1] o.s.web.servlet.DispatcherServlet        : Initializing Servlet 'dispatcherServlet'
2025-05-04T14:28:25.341+05:30  INFO 7372 --- [BakeryWebsite] [http-nio-8080-exec-1] o.s.web.servlet.DispatcherServlet        : Completed initialization in 1 ms
2025-05-04T14:52:21.609+05:30  INFO 7372 --- [BakeryWebsite] [SpringApplicationShutdownHook] o.s.b.w.e.tomcat.GracefulShutdown        : Commencing graceful shutdown. Waiting for active requests to complete
2025-05-04T14:52:21.620+05:30  INFO 7372 --- [BakeryWebsite] [tomcat-shutdown] o.s.b.w.e.tomcat.GracefulShutdown        : Graceful shutdown complete
2025-05-04T14:52:25.545+05:30  INFO 32744 --- [BakeryWebsite] [main] c.b.B.BakeryWebsiteApplication           : Starting BakeryWebsiteApplication using Java 22.0.2 with PID 32744 (C:\Users\User\Desktop\BakeryWebsite\target\classes started by User in C:\Users\User\Desktop\BakeryWebsite)
2025-05-04T14:52:25.549+05:30 DEBUG 32744 --- [BakeryWebsite] [main] c.b.B.BakeryWebsiteApplication           : Running with Spring Boot v3.4.5, Spring v6.2.6
2025-05-04T14:52:25.549+05:30  INFO 32744 --- [BakeryWebsite] [main] c.b.B.BakeryWebsiteApplication           : No active profile set, falling back to 1 default profile: "default"
2025-05-04T14:52:26.493+05:30  INFO 32744 --- [BakeryWebsite] [main] o.s.b.w.embedded.tomcat.TomcatWebServer  : Tomcat initialized with port 8080 (http)
2025-05-04T14:52:26.507+05:30  INFO 32744 --- [BakeryWebsite] [main] o.apache.catalina.core.StandardService   : Starting service [Tomcat]
2025-05-04T14:52:26.507+05:30  INFO 32744 --- [BakeryWebsite] [main] o.apache.catalina.core.StandardEngine    : Starting Servlet engine: [Apache Tomcat/10.1.40]
2025-05-04T14:52:26.555+05:30  INFO 32744 --- [BakeryWebsite] [main] o.a.c.c.C.[Tomcat].[localhost].[/api]    : Initializing Spring embedded WebApplicationContext
2025-05-04T14:52:26.556+05:30  INFO 32744 --- [BakeryWebsite] [main] w.s.c.ServletWebServerApplicationContext : Root WebApplicationContext: initialization completed in 920 ms
2025-05-04T14:52:26.886+05:30  INFO 32744 --- [BakeryWebsite] [main] o.s.b.w.embedded.tomcat.TomcatWebServer  : Tomcat started on port 8080 (http) with context path '/api'
2025-05-04T14:52:26.893+05:30  INFO 32744 --- [BakeryWebsite] [main] c.b.B.BakeryWebsiteApplication           : Started BakeryWebsiteApplication in 1.815 seconds (process running for 2.429)
2025-05-04T14:52:27.200+05:30  INFO 32744 --- [BakeryWebsite] [http-nio-8080-exec-1] o.a.c.c.C.[Tomcat].[localhost].[/api]    : Initializing Spring DispatcherServlet 'dispatcherServlet'
2025-05-04T14:52:27.200+05:30  INFO 32744 --- [BakeryWebsite] [http-nio-8080-exec-1] o.s.web.servlet.DispatcherServlet        : Initializing Servlet 'dispatcherServlet'
2025-05-04T14:52:27.202+05:30  INFO 32744 --- [BakeryWebsite] [http-nio-8080-exec-1] o.s.web.servlet.DispatcherServlet        : Completed initialization in 2 ms
2025-05-04T14:53:49.036+05:30  INFO 32744 --- [BakeryWebsite] [SpringApplicationShutdownHook] o.s.b.w.e.tomcat.GracefulShutdown        : Commencing graceful shutdown. Waiting for active requests to complete
2025-05-04T14:53:49.041+05:30  INFO 32744 --- [BakeryWebsite] [tomcat-shutdown] o.s.b.w.e.tomcat.GracefulShutdown        : Graceful shutdown complete
